{"C:\\Users\\saira\\ticket_reimbursement_system\\src\\repository\\ticketDAO.js": {"path":"C:\\Users\\saira\\ticket_reimbursement_system\\src\\repository\\ticketDAO.js","statementMap":{"0":{"start":{"line":1,"column":25},"end":{"line":1,"column":60}},"1":{"start":{"line":2,"column":97},"end":{"line":2,"column":129}},"2":{"start":{"line":3,"column":17},"end":{"line":3,"column":42}},"3":{"start":{"line":5,"column":15},"end":{"line":5,"column":56}},"4":{"start":{"line":6,"column":23},"end":{"line":6,"column":58}},"5":{"start":{"line":8,"column":18},"end":{"line":8,"column":39}},"6":{"start":{"line":12,"column":23},"end":{"line":22,"column":9}},"7":{"start":{"line":23,"column":24},"end":{"line":23,"column":46}},"8":{"start":{"line":24,"column":8},"end":{"line":33,"column":9}},"9":{"start":{"line":25,"column":25},"end":{"line":25,"column":59}},"10":{"start":{"line":26,"column":12},"end":{"line":26,"column":91}},"11":{"start":{"line":27,"column":12},"end":{"line":27,"column":31}},"12":{"start":{"line":30,"column":12},"end":{"line":30,"column":84}},"13":{"start":{"line":31,"column":12},"end":{"line":31,"column":32}},"14":{"start":{"line":32,"column":12},"end":{"line":32,"column":24}},"15":{"start":{"line":39,"column":24},"end":{"line":46,"column":10}},"16":{"start":{"line":47,"column":8},"end":{"line":55,"column":9}},"17":{"start":{"line":48,"column":25},"end":{"line":48,"column":59}},"18":{"start":{"line":49,"column":12},"end":{"line":49,"column":92}},"19":{"start":{"line":50,"column":12},"end":{"line":50,"column":30}},"20":{"start":{"line":52,"column":12},"end":{"line":52,"column":72}},"21":{"start":{"line":53,"column":12},"end":{"line":53,"column":32}},"22":{"start":{"line":54,"column":12},"end":{"line":54,"column":24}},"23":{"start":{"line":60,"column":29},"end":{"line":60,"column":40}},"24":{"start":{"line":61,"column":24},"end":{"line":66,"column":10}},"25":{"start":{"line":68,"column":8},"end":{"line":76,"column":9}},"26":{"start":{"line":69,"column":25},"end":{"line":69,"column":59}},"27":{"start":{"line":70,"column":12},"end":{"line":70,"column":91}},"28":{"start":{"line":71,"column":12},"end":{"line":71,"column":30}},"29":{"start":{"line":73,"column":12},"end":{"line":73,"column":69}},"30":{"start":{"line":74,"column":12},"end":{"line":74,"column":32}},"31":{"start":{"line":75,"column":12},"end":{"line":75,"column":24}},"32":{"start":{"line":82,"column":30},"end":{"line":82,"column":39}},"33":{"start":{"line":83,"column":24},"end":{"line":94,"column":14}},"34":{"start":{"line":95,"column":8},"end":{"line":109,"column":9}},"35":{"start":{"line":96,"column":25},"end":{"line":96,"column":59}},"36":{"start":{"line":97,"column":12},"end":{"line":97,"column":98}},"37":{"start":{"line":98,"column":12},"end":{"line":98,"column":35}},"38":{"start":{"line":101,"column":12},"end":{"line":101,"column":83}},"39":{"start":{"line":102,"column":12},"end":{"line":102,"column":32}},"40":{"start":{"line":103,"column":12},"end":{"line":108,"column":13}},"41":{"start":{"line":104,"column":16},"end":{"line":104,"column":78}},"42":{"start":{"line":107,"column":16},"end":{"line":107,"column":28}},"43":{"start":{"line":112,"column":4},"end":{"line":112,"column":92}}},"fnMap":{"0":{"name":"postTicket","decl":{"start":{"line":10,"column":19},"end":{"line":10,"column":29}},"loc":{"start":{"line":11,"column":4},"end":{"line":34,"column":5}},"line":11},"1":{"name":"getTicketsByUser","decl":{"start":{"line":37,"column":19},"end":{"line":37,"column":35}},"loc":{"start":{"line":38,"column":4},"end":{"line":56,"column":5}},"line":38},"2":{"name":"getTicketsByStatus","decl":{"start":{"line":58,"column":19},"end":{"line":58,"column":37}},"loc":{"start":{"line":59,"column":4},"end":{"line":77,"column":5}},"line":59},"3":{"name":"updateTicketStatus","decl":{"start":{"line":80,"column":19},"end":{"line":80,"column":37}},"loc":{"start":{"line":81,"column":4},"end":{"line":110,"column":5}},"line":81}},"branchMap":{"0":{"loc":{"start":{"line":103,"column":12},"end":{"line":108,"column":13}},"type":"if","locations":[{"start":{"line":103,"column":12},"end":{"line":108,"column":13}},{"start":{"line":106,"column":16},"end":{"line":108,"column":13}}],"line":103}},"s":{"0":1,"1":1,"2":1,"3":1,"4":1,"5":1,"6":0,"7":0,"8":0,"9":0,"10":0,"11":0,"12":0,"13":0,"14":0,"15":0,"16":0,"17":0,"18":0,"19":0,"20":0,"21":0,"22":0,"23":0,"24":0,"25":0,"26":0,"27":0,"28":0,"29":0,"30":0,"31":0,"32":0,"33":0,"34":0,"35":0,"36":0,"37":0,"38":0,"39":0,"40":0,"41":0,"42":0,"43":1},"f":{"0":0,"1":0,"2":0,"3":0},"b":{"0":[0,0]},"_coverageSchema":"1a1c01bbd47fc00a2c39e90264f33305004495a9","hash":"107faec6968451f144eb0fe8b63ec5d4eedaf947"}
,"C:\\Users\\saira\\ticket_reimbursement_system\\src\\repository\\userDAO.js": {"path":"C:\\Users\\saira\\ticket_reimbursement_system\\src\\repository\\userDAO.js","statementMap":{"0":{"start":{"line":1,"column":25},"end":{"line":1,"column":60}},"1":{"start":{"line":2,"column":56},"end":{"line":2,"column":88}},"2":{"start":{"line":3,"column":17},"end":{"line":3,"column":42}},"3":{"start":{"line":5,"column":15},"end":{"line":5,"column":56}},"4":{"start":{"line":6,"column":23},"end":{"line":6,"column":58}},"5":{"start":{"line":8,"column":18},"end":{"line":8,"column":39}},"6":{"start":{"line":13,"column":23},"end":{"line":23,"column":9}},"7":{"start":{"line":24,"column":24},"end":{"line":24,"column":46}},"8":{"start":{"line":25,"column":8},"end":{"line":40,"column":9}},"9":{"start":{"line":26,"column":25},"end":{"line":26,"column":59}},"10":{"start":{"line":27,"column":12},"end":{"line":27,"column":89}},"11":{"start":{"line":28,"column":12},"end":{"line":28,"column":31}},"12":{"start":{"line":31,"column":12},"end":{"line":31,"column":67}},"13":{"start":{"line":32,"column":12},"end":{"line":32,"column":32}},"14":{"start":{"line":33,"column":12},"end":{"line":38,"column":13}},"15":{"start":{"line":34,"column":16},"end":{"line":34,"column":45}},"16":{"start":{"line":37,"column":16},"end":{"line":37,"column":28}},"17":{"start":{"line":48,"column":24},"end":{"line":54,"column":10}},"18":{"start":{"line":55,"column":8},"end":{"line":63,"column":9}},"19":{"start":{"line":56,"column":25},"end":{"line":56,"column":59}},"20":{"start":{"line":57,"column":12},"end":{"line":57,"column":87}},"21":{"start":{"line":58,"column":12},"end":{"line":58,"column":29}},"22":{"start":{"line":60,"column":12},"end":{"line":60,"column":68}},"23":{"start":{"line":61,"column":12},"end":{"line":61,"column":32}},"24":{"start":{"line":62,"column":12},"end":{"line":62,"column":24}},"25":{"start":{"line":67,"column":0},"end":{"line":67,"column":43}}},"fnMap":{"0":{"name":"postUser","decl":{"start":{"line":10,"column":19},"end":{"line":10,"column":27}},"loc":{"start":{"line":11,"column":4},"end":{"line":42,"column":5}},"line":11},"1":{"name":"getUserByName","decl":{"start":{"line":45,"column":19},"end":{"line":45,"column":32}},"loc":{"start":{"line":46,"column":4},"end":{"line":64,"column":5}},"line":46}},"branchMap":{"0":{"loc":{"start":{"line":33,"column":12},"end":{"line":38,"column":13}},"type":"if","locations":[{"start":{"line":33,"column":12},"end":{"line":38,"column":13}},{"start":{"line":36,"column":16},"end":{"line":38,"column":13}}],"line":33}},"s":{"0":1,"1":1,"2":1,"3":1,"4":1,"5":1,"6":0,"7":0,"8":0,"9":0,"10":0,"11":0,"12":0,"13":0,"14":0,"15":0,"16":0,"17":0,"18":0,"19":0,"20":0,"21":0,"22":0,"23":0,"24":0,"25":1},"f":{"0":0,"1":0},"b":{"0":[0,0]},"_coverageSchema":"1a1c01bbd47fc00a2c39e90264f33305004495a9","hash":"a62decd438e559cb19c5cc61d718a5a5b9baedb1"}
,"C:\\Users\\saira\\ticket_reimbursement_system\\src\\service\\ticketService.js": {"path":"C:\\Users\\saira\\ticket_reimbursement_system\\src\\service\\ticketService.js","statementMap":{"0":{"start":{"line":1,"column":18},"end":{"line":1,"column":52}},"1":{"start":{"line":2,"column":17},"end":{"line":2,"column":42}},"2":{"start":{"line":6,"column":21},"end":{"line":6,"column":40}},"3":{"start":{"line":7,"column":22},"end":{"line":13,"column":5}},"4":{"start":{"line":14,"column":23},"end":{"line":14,"column":60}},"5":{"start":{"line":15,"column":8},"end":{"line":20,"column":9}},"6":{"start":{"line":16,"column":12},"end":{"line":16,"column":73}},"7":{"start":{"line":19,"column":12},"end":{"line":19,"column":85}},"8":{"start":{"line":21,"column":8},"end":{"line":21,"column":22}},"9":{"start":{"line":25,"column":30},"end":{"line":25,"column":92}},"10":{"start":{"line":26,"column":8},"end":{"line":34,"column":9}},"11":{"start":{"line":27,"column":12},"end":{"line":27,"column":93}},"12":{"start":{"line":29,"column":13},"end":{"line":34,"column":9}},"13":{"start":{"line":30,"column":12},"end":{"line":30,"column":71}},"14":{"start":{"line":33,"column":12},"end":{"line":33,"column":79}},"15":{"start":{"line":35,"column":8},"end":{"line":35,"column":29}},"16":{"start":{"line":39,"column":24},"end":{"line":39,"column":66}},"17":{"start":{"line":40,"column":8},"end":{"line":44,"column":9}},"18":{"start":{"line":41,"column":12},"end":{"line":41,"column":68}},"19":{"start":{"line":43,"column":12},"end":{"line":43,"column":54}},"20":{"start":{"line":45,"column":8},"end":{"line":45,"column":23}},"21":{"start":{"line":49,"column":24},"end":{"line":49,"column":66}},"22":{"start":{"line":50,"column":8},"end":{"line":54,"column":9}},"23":{"start":{"line":51,"column":12},"end":{"line":51,"column":81}},"24":{"start":{"line":53,"column":12},"end":{"line":53,"column":60}},"25":{"start":{"line":55,"column":8},"end":{"line":55,"column":23}},"26":{"start":{"line":58,"column":0},"end":{"line":63,"column":2}}},"fnMap":{"0":{"name":"postTicket","decl":{"start":{"line":5,"column":15},"end":{"line":5,"column":25}},"loc":{"start":{"line":5,"column":34},"end":{"line":22,"column":1}},"line":5},"1":{"name":"updateTicketStatus","decl":{"start":{"line":24,"column":15},"end":{"line":24,"column":33}},"loc":{"start":{"line":24,"column":62},"end":{"line":36,"column":1}},"line":24},"2":{"name":"getTicketsByStatus","decl":{"start":{"line":38,"column":15},"end":{"line":38,"column":33}},"loc":{"start":{"line":38,"column":42},"end":{"line":46,"column":1}},"line":38},"3":{"name":"getTicketsByUser","decl":{"start":{"line":48,"column":15},"end":{"line":48,"column":31}},"loc":{"start":{"line":48,"column":42},"end":{"line":56,"column":1}},"line":48}},"branchMap":{"0":{"loc":{"start":{"line":12,"column":15},"end":{"line":12,"column":39}},"type":"binary-expr","locations":[{"start":{"line":12,"column":15},"end":{"line":12,"column":26}},{"start":{"line":12,"column":30},"end":{"line":12,"column":39}}],"line":12},"1":{"loc":{"start":{"line":15,"column":8},"end":{"line":20,"column":9}},"type":"if","locations":[{"start":{"line":15,"column":8},"end":{"line":20,"column":9}},{"start":{"line":18,"column":12},"end":{"line":20,"column":9}}],"line":15},"2":{"loc":{"start":{"line":26,"column":8},"end":{"line":34,"column":9}},"type":"if","locations":[{"start":{"line":26,"column":8},"end":{"line":34,"column":9}},{"start":{"line":29,"column":13},"end":{"line":34,"column":9}}],"line":26},"3":{"loc":{"start":{"line":29,"column":13},"end":{"line":34,"column":9}},"type":"if","locations":[{"start":{"line":29,"column":13},"end":{"line":34,"column":9}},{"start":{"line":32,"column":12},"end":{"line":34,"column":9}}],"line":29},"4":{"loc":{"start":{"line":40,"column":8},"end":{"line":44,"column":9}},"type":"if","locations":[{"start":{"line":40,"column":8},"end":{"line":44,"column":9}},{"start":{"line":42,"column":13},"end":{"line":44,"column":9}}],"line":40},"5":{"loc":{"start":{"line":50,"column":8},"end":{"line":54,"column":9}},"type":"if","locations":[{"start":{"line":50,"column":8},"end":{"line":54,"column":9}},{"start":{"line":52,"column":13},"end":{"line":54,"column":9}}],"line":50}},"s":{"0":1,"1":1,"2":2,"3":2,"4":2,"5":2,"6":1,"7":1,"8":2,"9":4,"10":4,"11":2,"12":2,"13":1,"14":1,"15":4,"16":2,"17":2,"18":1,"19":1,"20":2,"21":2,"22":2,"23":1,"24":1,"25":2,"26":1},"f":{"0":2,"1":4,"2":2,"3":2},"b":{"0":[2,0],"1":[1,1],"2":[2,2],"3":[1,1],"4":[1,1],"5":[1,1]},"_coverageSchema":"1a1c01bbd47fc00a2c39e90264f33305004495a9","hash":"52bd45e5abd4d3fb68c597306a3721ffe60ebff8"}
,"C:\\Users\\saira\\ticket_reimbursement_system\\src\\service\\userService.js": {"path":"C:\\Users\\saira\\ticket_reimbursement_system\\src\\service\\userService.js","statementMap":{"0":{"start":{"line":1,"column":16},"end":{"line":1,"column":48}},"1":{"start":{"line":2,"column":15},"end":{"line":2,"column":32}},"2":{"start":{"line":3,"column":17},"end":{"line":3,"column":42}},"3":{"start":{"line":9,"column":32},"end":{"line":9,"column":36}},"4":{"start":{"line":10,"column":23},"end":{"line":10,"column":25}},"5":{"start":{"line":11,"column":27},"end":{"line":11,"column":66}},"6":{"start":{"line":13,"column":21},"end":{"line":13,"column":68}},"7":{"start":{"line":14,"column":8},"end":{"line":22,"column":9}},"8":{"start":{"line":15,"column":12},"end":{"line":15,"column":72}},"9":{"start":{"line":17,"column":13},"end":{"line":22,"column":9}},"10":{"start":{"line":18,"column":12},"end":{"line":18,"column":69}},"11":{"start":{"line":21,"column":12},"end":{"line":21,"column":69}},"12":{"start":{"line":23,"column":8},"end":{"line":23,"column":20}},"13":{"start":{"line":29,"column":17},"end":{"line":29,"column":54}},"14":{"start":{"line":30,"column":4},"end":{"line":36,"column":5}},"15":{"start":{"line":31,"column":8},"end":{"line":31,"column":62}},"16":{"start":{"line":32,"column":8},"end":{"line":32,"column":20}},"17":{"start":{"line":34,"column":8},"end":{"line":34,"column":61}},"18":{"start":{"line":35,"column":8},"end":{"line":35,"column":20}},"19":{"start":{"line":40,"column":0},"end":{"line":43,"column":2}}},"fnMap":{"0":{"name":"postUser","decl":{"start":{"line":7,"column":15},"end":{"line":7,"column":23}},"loc":{"start":{"line":7,"column":29},"end":{"line":25,"column":1}},"line":7},"1":{"name":"validateLogin","decl":{"start":{"line":27,"column":15},"end":{"line":27,"column":28}},"loc":{"start":{"line":27,"column":48},"end":{"line":37,"column":1}},"line":27}},"branchMap":{"0":{"loc":{"start":{"line":14,"column":8},"end":{"line":22,"column":9}},"type":"if","locations":[{"start":{"line":14,"column":8},"end":{"line":22,"column":9}},{"start":{"line":17,"column":13},"end":{"line":22,"column":9}}],"line":14},"1":{"loc":{"start":{"line":17,"column":13},"end":{"line":22,"column":9}},"type":"if","locations":[{"start":{"line":17,"column":13},"end":{"line":22,"column":9}},{"start":{"line":20,"column":12},"end":{"line":22,"column":9}}],"line":17},"2":{"loc":{"start":{"line":30,"column":4},"end":{"line":36,"column":5}},"type":"if","locations":[{"start":{"line":30,"column":4},"end":{"line":36,"column":5}},{"start":{"line":33,"column":9},"end":{"line":36,"column":5}}],"line":30},"3":{"loc":{"start":{"line":30,"column":7},"end":{"line":30,"column":62}},"type":"binary-expr","locations":[{"start":{"line":30,"column":7},"end":{"line":30,"column":11}},{"start":{"line":30,"column":16},"end":{"line":30,"column":61}}],"line":30}},"s":{"0":1,"1":1,"2":1,"3":3,"4":3,"5":3,"6":3,"7":3,"8":1,"9":2,"10":1,"11":1,"12":3,"13":3,"14":3,"15":1,"16":1,"17":2,"18":2,"19":1},"f":{"0":3,"1":3},"b":{"0":[1,2],"1":[1,1],"2":[1,2],"3":[3,2]},"_coverageSchema":"1a1c01bbd47fc00a2c39e90264f33305004495a9","hash":"130b6452b6ec511a602c0cc87ddcc50c4e5717a6"}
,"C:\\Users\\saira\\ticket_reimbursement_system\\src\\util\\logger.js": {"path":"C:\\Users\\saira\\ticket_reimbursement_system\\src\\util\\logger.js","statementMap":{"0":{"start":{"line":2,"column":41},"end":{"line":2,"column":59}},"1":{"start":{"line":4,"column":15},"end":{"line":15,"column":2}},"2":{"start":{"line":8,"column":6},"end":{"line":8,"column":51}},"3":{"start":{"line":18,"column":4},"end":{"line":18,"column":55}},"4":{"start":{"line":19,"column":4},"end":{"line":19,"column":11}},"5":{"start":{"line":22,"column":0},"end":{"line":22,"column":44}}},"fnMap":{"0":{"name":"(anonymous_0)","decl":{"start":{"line":7,"column":18},"end":{"line":7,"column":19}},"loc":{"start":{"line":7,"column":53},"end":{"line":9,"column":5}},"line":7},"1":{"name":"loggerMiddleware","decl":{"start":{"line":17,"column":9},"end":{"line":17,"column":25}},"loc":{"start":{"line":17,"column":41},"end":{"line":20,"column":1}},"line":17}},"branchMap":{},"s":{"0":4,"1":4,"2":16,"3":0,"4":0,"5":4},"f":{"0":16,"1":0},"b":{},"_coverageSchema":"1a1c01bbd47fc00a2c39e90264f33305004495a9","hash":"950ef64d19c5451ef09713c43c44305c6cf98bc6"}
}
