TN:
SF:src\repository\ticketDAO.js
FN:10,postTicket
FN:37,getTicketsByUser
FN:58,getTicketsByStatus
FN:80,updateTicketStatus
FNF:4
FNH:0
FNDA:0,postTicket
FNDA:0,getTicketsByUser
FNDA:0,getTicketsByStatus
FNDA:0,updateTicketStatus
DA:1,1
DA:2,1
DA:3,1
DA:5,1
DA:6,1
DA:8,1
DA:12,0
DA:23,0
DA:24,0
DA:25,0
DA:26,0
DA:27,0
DA:30,0
DA:31,0
DA:32,0
DA:39,0
DA:47,0
DA:48,0
DA:49,0
DA:50,0
DA:52,0
DA:53,0
DA:54,0
DA:60,0
DA:61,0
DA:68,0
DA:69,0
DA:70,0
DA:71,0
DA:73,0
DA:74,0
DA:75,0
DA:82,0
DA:83,0
DA:95,0
DA:96,0
DA:97,0
DA:98,0
DA:101,0
DA:102,0
DA:103,0
DA:104,0
DA:107,0
DA:112,1
LF:44
LH:7
BRDA:103,0,0,0
BRDA:103,0,1,0
BRF:2
BRH:0
end_of_record
TN:
SF:src\repository\userDAO.js
FN:10,postUser
FN:45,getUserByName
FNF:2
FNH:0
FNDA:0,postUser
FNDA:0,getUserByName
DA:1,1
DA:2,1
DA:3,1
DA:5,1
DA:6,1
DA:8,1
DA:13,0
DA:24,0
DA:25,0
DA:26,0
DA:27,0
DA:28,0
DA:31,0
DA:32,0
DA:33,0
DA:34,0
DA:37,0
DA:48,0
DA:55,0
DA:56,0
DA:57,0
DA:58,0
DA:60,0
DA:61,0
DA:62,0
DA:67,1
LF:26
LH:7
BRDA:33,0,0,0
BRDA:33,0,1,0
BRF:2
BRH:0
end_of_record
TN:
SF:src\service\ticketService.js
FN:5,postTicket
FN:24,updateTicketStatus
FN:38,getTicketsByStatus
FN:48,getTicketsByUser
FNF:4
FNH:4
FNDA:2,postTicket
FNDA:4,updateTicketStatus
FNDA:2,getTicketsByStatus
FNDA:2,getTicketsByUser
DA:1,1
DA:2,1
DA:6,2
DA:7,2
DA:14,2
DA:15,2
DA:16,1
DA:19,1
DA:21,2
DA:25,4
DA:26,4
DA:27,2
DA:29,2
DA:30,1
DA:33,1
DA:35,4
DA:39,2
DA:40,2
DA:41,1
DA:43,1
DA:45,2
DA:49,2
DA:50,2
DA:51,1
DA:53,1
DA:55,2
DA:58,1
LF:27
LH:27
BRDA:12,0,0,2
BRDA:12,0,1,0
BRDA:15,1,0,1
BRDA:15,1,1,1
BRDA:26,2,0,2
BRDA:26,2,1,2
BRDA:29,3,0,1
BRDA:29,3,1,1
BRDA:40,4,0,1
BRDA:40,4,1,1
BRDA:50,5,0,1
BRDA:50,5,1,1
BRF:12
BRH:11
end_of_record
TN:
SF:src\service\userService.js
FN:7,postUser
FN:27,validateLogin
FNF:2
FNH:2
FNDA:3,postUser
FNDA:3,validateLogin
DA:1,1
DA:2,1
DA:3,1
DA:9,3
DA:10,3
DA:11,3
DA:13,3
DA:14,3
DA:15,1
DA:17,2
DA:18,1
DA:21,1
DA:23,3
DA:29,3
DA:30,3
DA:31,1
DA:32,1
DA:34,2
DA:35,2
DA:40,1
LF:20
LH:20
BRDA:14,0,0,1
BRDA:14,0,1,2
BRDA:17,1,0,1
BRDA:17,1,1,1
BRDA:30,2,0,1
BRDA:30,2,1,2
BRDA:30,3,0,3
BRDA:30,3,1,2
BRF:8
BRH:8
end_of_record
TN:
SF:src\util\logger.js
FN:7,(anonymous_0)
FN:17,loggerMiddleware
FNF:2
FNH:1
FNDA:16,(anonymous_0)
FNDA:0,loggerMiddleware
DA:2,4
DA:4,4
DA:8,16
DA:18,0
DA:19,0
DA:22,4
LF:6
LH:4
BRF:0
BRH:0
end_of_record
